<?xml version="1.0" encoding="UTF-8"?>
<!-- Generated by org.testng.reporters.JUnitXMLReporter -->
<testsuite hostname="DESKTOP-KOLVAPU" ignored="0" name="Surefire test" tests="3" failures="1" timestamp="27 Oct 2022 18:49:16 GMT" time="31.704" errors="0">
  <testcase name="addProductToCartCorrectlyTest" time="11.552" classname="com.matthewappium.tests.AddToCartTest"/>
  <testcase name="correctInfoAddedFormSubmit" time="4.053" classname="com.matthewappium.tests.GeneralStoreFormPageTest">
    <failure type="java.lang.AssertionError" message="expected [false] but found [true]">
      <![CDATA[java.lang.AssertionError: expected [false] but found [true]
at com.matthewappium.tests.GeneralStoreFormPageTest.correctInfoAddedFormSubmit(GeneralStoreFormPageTest.java:27)
... Removed 36 stack frames]]>
    </failure>
  </testcase> <!-- correctInfoAddedFormSubmit -->
  <testcase name="incorrectInfoAddedFormSubmit" time="3.704" classname="com.matthewappium.tests.GeneralStoreFormPageTest"/>
</testsuite> <!-- Surefire test -->
