<?xml version="1.0" encoding="UTF-8"?>
<testng-results skipped="0" failed="1" ignored="0" total="3" passed="2">
  <reporter-output>
  </reporter-output>
  <suite name="Surefire suite" duration-ms="31704" started-at="2022-10-27T18:48:45Z" finished-at="2022-10-27T18:49:16Z">
    <groups>
      <group name="first">
        <method signature="GeneralStoreFormPageTest.correctInfoAddedFormSubmit(java.lang.String, java.lang.String, java.lang.String, java.lang.String)[pri:0, instance:com.matthewappium.tests.GeneralStoreFormPageTest@66d2e7d9]" name="correctInfoAddedFormSubmit" class="com.matthewappium.tests.GeneralStoreFormPageTest"/>
      </group> <!-- first -->
    </groups>
    <test name="Surefire test" duration-ms="31704" started-at="2022-10-27T18:48:45Z" finished-at="2022-10-27T18:49:16Z">
      <class name="com.matthewappium.tests.GeneralStoreFormPageTest">
        <test-method status="PASS" signature="configureAppium()[pri:0, instance:com.matthewappium.tests.GeneralStoreFormPageTest@66d2e7d9]" name="configureAppium" is-config="true" duration-ms="3982" started-at="2022-10-27T18:49:02Z" finished-at="2022-10-27T18:49:06Z">
          <reporter-output>
          </reporter-output>
        </test-method> <!-- configureAppium -->
        <test-method status="PASS" signature="preSetup()[pri:0, instance:com.matthewappium.tests.GeneralStoreFormPageTest@66d2e7d9]" name="preSetup" is-config="true" duration-ms="1221" started-at="2022-10-27T18:49:06Z" finished-at="2022-10-27T18:49:08Z">
          <reporter-output>
          </reporter-output>
        </test-method> <!-- preSetup -->
        <test-method status="FAIL" signature="correctInfoAddedFormSubmit(java.lang.String, java.lang.String, java.lang.String, java.lang.String)[pri:0, instance:com.matthewappium.tests.GeneralStoreFormPageTest@66d2e7d9]" name="correctInfoAddedFormSubmit" duration-ms="4053" started-at="2022-10-27T18:49:08Z" data-provider="getData" finished-at="2022-10-27T18:49:12Z">
          <params>
            <param index="0">
              <value>
                <![CDATA[Matthew Price]]>
              </value>
            </param>
            <param index="1">
              <value>
                <![CDATA[female]]>
              </value>
            </param>
            <param index="2">
              <value>
                <![CDATA[Angola]]>
              </value>
            </param>
            <param index="3">
              <value>
                <![CDATA[male]]>
              </value>
            </param>
          </params>
          <exception class="java.lang.AssertionError">
            <message>
              <![CDATA[expected [false] but found [true]]]>
            </message>
            <full-stacktrace>
              <![CDATA[java.lang.AssertionError: expected [false] but found [true]
at org.testng.Assert.fail(Assert.java:96)
at org.testng.Assert.failNotEquals(Assert.java:776)
at org.testng.Assert.assertEqualsImpl(Assert.java:137)
at org.testng.Assert.assertEquals(Assert.java:118)
at org.testng.Assert.assertEquals(Assert.java:568)
at org.testng.Assert.assertEquals(Assert.java:578)
at com.matthewappium.tests.GeneralStoreFormPageTest.correctInfoAddedFormSubmit(GeneralStoreFormPageTest.java:27)
at sun.reflect.NativeMethodAccessorImpl.invoke0(Native Method)
at sun.reflect.NativeMethodAccessorImpl.invoke(NativeMethodAccessorImpl.java:62)
at sun.reflect.DelegatingMethodAccessorImpl.invoke(DelegatingMethodAccessorImpl.java:43)
at java.lang.reflect.Method.invoke(Method.java:498)
at org.testng.internal.MethodInvocationHelper.invokeMethod(MethodInvocationHelper.java:124)
at org.testng.internal.Invoker.invokeMethod(Invoker.java:583)
at org.testng.internal.Invoker.invokeTestMethod(Invoker.java:719)
at org.testng.internal.Invoker.invokeTestMethods(Invoker.java:989)
at org.testng.internal.TestMethodWorker.invokeTestMethods(TestMethodWorker.java:125)
at org.testng.internal.TestMethodWorker.run(TestMethodWorker.java:109)
at org.testng.TestRunner.privateRun(TestRunner.java:648)
at org.testng.TestRunner.run(TestRunner.java:505)
at org.testng.SuiteRunner.runTest(SuiteRunner.java:455)
at org.testng.SuiteRunner.runSequentially(SuiteRunner.java:450)
at org.testng.SuiteRunner.privateRun(SuiteRunner.java:415)
at org.testng.SuiteRunner.run(SuiteRunner.java:364)
at org.testng.SuiteRunnerWorker.runSuite(SuiteRunnerWorker.java:52)
at org.testng.SuiteRunnerWorker.run(SuiteRunnerWorker.java:84)
at org.testng.TestNG.runSuitesSequentially(TestNG.java:1208)
at org.testng.TestNG.runSuitesLocally(TestNG.java:1137)
at org.testng.TestNG.runSuites(TestNG.java:1049)
at org.testng.TestNG.run(TestNG.java:1017)
at org.apache.maven.surefire.testng.TestNGExecutor.run(TestNGExecutor.java:135)
at org.apache.maven.surefire.testng.TestNGDirectoryTestSuite.executeMulti(TestNGDirectoryTestSuite.java:193)
at org.apache.maven.surefire.testng.TestNGDirectoryTestSuite.execute(TestNGDirectoryTestSuite.java:94)
at org.apache.maven.surefire.testng.TestNGProvider.invoke(TestNGProvider.java:146)
at org.apache.maven.surefire.booter.ForkedBooter.invokeProviderInSameClassLoader(ForkedBooter.java:384)
at org.apache.maven.surefire.booter.ForkedBooter.runSuitesInProcess(ForkedBooter.java:345)
at org.apache.maven.surefire.booter.ForkedBooter.execute(ForkedBooter.java:126)
at org.apache.maven.surefire.booter.ForkedBooter.main(ForkedBooter.java:418)
]]>
            </full-stacktrace>
          </exception> <!-- java.lang.AssertionError -->
          <reporter-output>
          </reporter-output>
        </test-method> <!-- correctInfoAddedFormSubmit -->
        <test-method status="PASS" signature="preSetup()[pri:0, instance:com.matthewappium.tests.GeneralStoreFormPageTest@66d2e7d9]" name="preSetup" is-config="true" duration-ms="857" started-at="2022-10-27T18:49:12Z" finished-at="2022-10-27T18:49:12Z">
          <reporter-output>
          </reporter-output>
        </test-method> <!-- preSetup -->
        <test-method status="PASS" signature="incorrectInfoAddedFormSubmit(java.lang.String, java.lang.String, java.lang.String, java.lang.String)[pri:0, instance:com.matthewappium.tests.GeneralStoreFormPageTest@66d2e7d9]" name="incorrectInfoAddedFormSubmit" duration-ms="3704" started-at="2022-10-27T18:49:12Z" data-provider="getData" finished-at="2022-10-27T18:49:16Z">
          <params>
            <param index="0">
              <value>
                <![CDATA[Matthew Price]]>
              </value>
            </param>
            <param index="1">
              <value>
                <![CDATA[female]]>
              </value>
            </param>
            <param index="2">
              <value>
                <![CDATA[Angola]]>
              </value>
            </param>
            <param index="3">
              <value>
                <![CDATA[male]]>
              </value>
            </param>
          </params>
          <reporter-output>
          </reporter-output>
        </test-method> <!-- incorrectInfoAddedFormSubmit -->
        <test-method status="PASS" signature="tearDown()[pri:0, instance:com.matthewappium.tests.GeneralStoreFormPageTest@66d2e7d9]" name="tearDown" is-config="true" duration-ms="291" started-at="2022-10-27T18:49:16Z" finished-at="2022-10-27T18:49:16Z">
          <reporter-output>
          </reporter-output>
        </test-method> <!-- tearDown -->
      </class> <!-- com.matthewappium.tests.GeneralStoreFormPageTest -->
      <class name="com.matthewappium.tests.AddToCartTest">
        <test-method status="PASS" signature="configureAppium()[pri:0, instance:com.matthewappium.tests.AddToCartTest@174d20a]" name="configureAppium" is-config="true" duration-ms="4902" started-at="2022-10-27T18:48:45Z" finished-at="2022-10-27T18:48:50Z">
          <reporter-output>
          </reporter-output>
        </test-method> <!-- configureAppium -->
        <test-method status="PASS" signature="preSetup()[pri:0, instance:com.matthewappium.tests.AddToCartTest@174d20a]" name="preSetup" is-config="true" duration-ms="865" started-at="2022-10-27T18:48:50Z" finished-at="2022-10-27T18:48:51Z">
          <reporter-output>
          </reporter-output>
        </test-method> <!-- preSetup -->
        <test-method status="PASS" signature="addProductToCartCorrectlyTest(java.lang.String, java.lang.String, java.lang.String, java.lang.String)[pri:0, instance:com.matthewappium.tests.AddToCartTest@174d20a]" name="addProductToCartCorrectlyTest" duration-ms="11552" started-at="2022-10-27T18:48:51Z" data-provider="getData" finished-at="2022-10-27T18:49:02Z">
          <params>
            <param index="0">
              <value>
                <![CDATA[Converse All Star]]>
              </value>
            </param>
            <param index="1">
              <value>
                <![CDATA[Jordan Lift Off]]>
              </value>
            </param>
            <param index="2">
              <value>
                <![CDATA[Angola]]>
              </value>
            </param>
            <param index="3">
              <value>
                <![CDATA[male]]>
              </value>
            </param>
          </params>
          <reporter-output>
          </reporter-output>
        </test-method> <!-- addProductToCartCorrectlyTest -->
        <test-method status="PASS" signature="tearDown()[pri:0, instance:com.matthewappium.tests.AddToCartTest@174d20a]" name="tearDown" is-config="true" duration-ms="257" started-at="2022-10-27T18:49:02Z" finished-at="2022-10-27T18:49:02Z">
          <reporter-output>
          </reporter-output>
        </test-method> <!-- tearDown -->
      </class> <!-- com.matthewappium.tests.AddToCartTest -->
    </test> <!-- Surefire test -->
  </suite> <!-- Surefire suite -->
</testng-results>
