-------------------------------------------------------------------------------
Test set: TestSuite
-------------------------------------------------------------------------------
Tests run: 3, Failures: 1, Errors: 0, Skipped: 0, Time elapsed: 31.949 s <<< FAILURE! - in TestSuite
correctInfoAddedFormSubmit(com.matthewappium.tests.GeneralStoreFormPageTest)  Time elapsed: 4.056 s  <<< FAILURE!
java.lang.AssertionError: expected [false] but found [true]
	at com.matthewappium.tests.GeneralStoreFormPageTest.correctInfoAddedFormSubmit(GeneralStoreFormPageTest.java:27)

