<?xml version="1.0" encoding="UTF-8"?>
<testng-results ignored="0" total="3" passed="2" failed="1" skipped="0">
  <reporter-output>
  </reporter-output>
  <suite started-at="2022-10-27T21:15:12Z" name="Suite" finished-at="2022-10-27T21:16:18Z" duration-ms="66800">
    <groups>
      <group name="first">
        <method signature="GeneralStoreFormPageTest.correctInfoAddedFormSubmit(java.lang.String, java.lang.String, java.lang.String, java.lang.String)[pri:0, instance:com.matthewappium.tests.GeneralStoreFormPageTest@66ce957f]" name="correctInfoAddedFormSubmit" class="com.matthewappium.tests.GeneralStoreFormPageTest"/>
      </group> <!-- first -->
    </groups>
    <test started-at="2022-10-27T21:15:12Z" name="General Store Form Page Test" finished-at="2022-10-27T21:15:57Z" duration-ms="44992">
      <class name="com.matthewappium.tests.GeneralStoreFormPageTest">
        <test-method is-config="true" signature="configureAppium()[pri:0, instance:com.matthewappium.tests.GeneralStoreFormPageTest@66ce957f]" started-at="2022-10-27T21:15:12Z" name="configureAppium" finished-at="2022-10-27T21:15:47Z" duration-ms="35510" status="PASS">
          <reporter-output>
          </reporter-output>
        </test-method> <!-- configureAppium -->
        <test-method is-config="true" signature="preSetup()[pri:0, instance:com.matthewappium.tests.GeneralStoreFormPageTest@66ce957f]" started-at="2022-10-27T21:15:47Z" name="preSetup" finished-at="2022-10-27T21:15:48Z" duration-ms="811" status="PASS">
          <reporter-output>
          </reporter-output>
        </test-method> <!-- preSetup -->
        <test-method signature="correctInfoAddedFormSubmit(java.lang.String, java.lang.String, java.lang.String, java.lang.String)[pri:0, instance:com.matthewappium.tests.GeneralStoreFormPageTest@66ce957f]" started-at="2022-10-27T21:15:48Z" name="correctInfoAddedFormSubmit" data-provider="getData" finished-at="2022-10-27T21:15:52Z" duration-ms="3989" status="FAIL">
          <params>
            <param index="0">
              <value>
                <![CDATA[Matthew Price]]>
              </value>
            </param>
            <param index="1">
              <value>
                <![CDATA[female]]>
              </value>
            </param>
            <param index="2">
              <value>
                <![CDATA[Angola]]>
              </value>
            </param>
            <param index="3">
              <value>
                <![CDATA[male]]>
              </value>
            </param>
          </params>
          <exception class="java.lang.AssertionError">
            <message>
              <![CDATA[expected [false] but found [true]]]>
            </message>
            <full-stacktrace>
              <![CDATA[java.lang.AssertionError: expected [false] but found [true]
at org.testng.Assert.fail(Assert.java:96)
at org.testng.Assert.failNotEquals(Assert.java:776)
at org.testng.Assert.assertEqualsImpl(Assert.java:137)
at org.testng.Assert.assertEquals(Assert.java:118)
at org.testng.Assert.assertEquals(Assert.java:568)
at org.testng.Assert.assertEquals(Assert.java:578)
at com.matthewappium.tests.GeneralStoreFormPageTest.correctInfoAddedFormSubmit(GeneralStoreFormPageTest.java:27)
at java.base/jdk.internal.reflect.NativeMethodAccessorImpl.invoke0(Native Method)
at java.base/jdk.internal.reflect.NativeMethodAccessorImpl.invoke(NativeMethodAccessorImpl.java:77)
at java.base/jdk.internal.reflect.DelegatingMethodAccessorImpl.invoke(DelegatingMethodAccessorImpl.java:43)
at java.base/java.lang.reflect.Method.invoke(Method.java:568)
at org.testng.internal.MethodInvocationHelper.invokeMethod(MethodInvocationHelper.java:124)
at org.testng.internal.Invoker.invokeMethod(Invoker.java:583)
at org.testng.internal.Invoker.invokeTestMethod(Invoker.java:719)
at org.testng.internal.Invoker.invokeTestMethods(Invoker.java:989)
at org.testng.internal.TestMethodWorker.invokeTestMethods(TestMethodWorker.java:125)
at org.testng.internal.TestMethodWorker.run(TestMethodWorker.java:109)
at org.testng.TestRunner.privateRun(TestRunner.java:648)
at org.testng.TestRunner.run(TestRunner.java:505)
at org.testng.SuiteRunner.runTest(SuiteRunner.java:455)
at org.testng.SuiteRunner.runSequentially(SuiteRunner.java:450)
at org.testng.SuiteRunner.privateRun(SuiteRunner.java:415)
at org.testng.SuiteRunner.run(SuiteRunner.java:364)
at org.testng.SuiteRunnerWorker.runSuite(SuiteRunnerWorker.java:52)
at org.testng.SuiteRunnerWorker.run(SuiteRunnerWorker.java:84)
at org.testng.TestNG.runSuitesSequentially(TestNG.java:1208)
at org.testng.TestNG.runSuitesLocally(TestNG.java:1137)
at org.testng.TestNG.runSuites(TestNG.java:1049)
at org.testng.TestNG.run(TestNG.java:1017)
at org.testng.remote.AbstractRemoteTestNG.run(AbstractRemoteTestNG.java:115)
at org.testng.remote.RemoteTestNG.initAndRun(RemoteTestNG.java:251)
at org.testng.remote.RemoteTestNG.main(RemoteTestNG.java:77)
]]>
            </full-stacktrace>
          </exception> <!-- java.lang.AssertionError -->
          <reporter-output>
          </reporter-output>
        </test-method> <!-- correctInfoAddedFormSubmit -->
        <test-method is-config="true" signature="preSetup()[pri:0, instance:com.matthewappium.tests.GeneralStoreFormPageTest@66ce957f]" started-at="2022-10-27T21:15:52Z" name="preSetup" finished-at="2022-10-27T21:15:53Z" duration-ms="756" status="PASS">
          <reporter-output>
          </reporter-output>
        </test-method> <!-- preSetup -->
        <test-method signature="incorrectInfoAddedFormSubmit(java.lang.String, java.lang.String, java.lang.String, java.lang.String)[pri:0, instance:com.matthewappium.tests.GeneralStoreFormPageTest@66ce957f]" started-at="2022-10-27T21:15:53Z" name="incorrectInfoAddedFormSubmit" data-provider="getData" finished-at="2022-10-27T21:15:56Z" duration-ms="3670" status="PASS">
          <params>
            <param index="0">
              <value>
                <![CDATA[Matthew Price]]>
              </value>
            </param>
            <param index="1">
              <value>
                <![CDATA[female]]>
              </value>
            </param>
            <param index="2">
              <value>
                <![CDATA[Angola]]>
              </value>
            </param>
            <param index="3">
              <value>
                <![CDATA[male]]>
              </value>
            </param>
          </params>
          <reporter-output>
          </reporter-output>
        </test-method> <!-- incorrectInfoAddedFormSubmit -->
        <test-method is-config="true" signature="tearDown()[pri:0, instance:com.matthewappium.tests.GeneralStoreFormPageTest@66ce957f]" started-at="2022-10-27T21:15:56Z" name="tearDown" finished-at="2022-10-27T21:15:57Z" duration-ms="238" status="PASS">
          <reporter-output>
          </reporter-output>
        </test-method> <!-- tearDown -->
      </class> <!-- com.matthewappium.tests.GeneralStoreFormPageTest -->
    </test> <!-- General Store Form Page Test -->
    <test started-at="2022-10-27T21:15:57Z" name="Add To Cart Test" finished-at="2022-10-27T21:16:18Z" duration-ms="21580">
      <class name="com.matthewappium.tests.AddToCartTest">
        <test-method is-config="true" signature="configureAppium()[pri:0, instance:com.matthewappium.tests.AddToCartTest@56c9bbd8]" started-at="2022-10-27T21:15:57Z" name="configureAppium" finished-at="2022-10-27T21:16:06Z" duration-ms="9312" status="PASS">
          <reporter-output>
          </reporter-output>
        </test-method> <!-- configureAppium -->
        <test-method is-config="true" signature="preSetup()[pri:0, instance:com.matthewappium.tests.AddToCartTest@56c9bbd8]" started-at="2022-10-27T21:16:06Z" name="preSetup" finished-at="2022-10-27T21:16:07Z" duration-ms="701" status="PASS">
          <reporter-output>
          </reporter-output>
        </test-method> <!-- preSetup -->
        <test-method signature="addProductToCartCorrectlyTest(java.lang.String, java.lang.String, java.lang.String, java.lang.String)[pri:0, instance:com.matthewappium.tests.AddToCartTest@56c9bbd8]" started-at="2022-10-27T21:16:07Z" name="addProductToCartCorrectlyTest" data-provider="getData" finished-at="2022-10-27T21:16:18Z" duration-ms="11324" status="PASS">
          <params>
            <param index="0">
              <value>
                <![CDATA[Converse All Star]]>
              </value>
            </param>
            <param index="1">
              <value>
                <![CDATA[Jordan Lift Off]]>
              </value>
            </param>
            <param index="2">
              <value>
                <![CDATA[Angola]]>
              </value>
            </param>
            <param index="3">
              <value>
                <![CDATA[male]]>
              </value>
            </param>
          </params>
          <reporter-output>
          </reporter-output>
        </test-method> <!-- addProductToCartCorrectlyTest -->
        <test-method is-config="true" signature="tearDown()[pri:0, instance:com.matthewappium.tests.AddToCartTest@56c9bbd8]" started-at="2022-10-27T21:16:18Z" name="tearDown" finished-at="2022-10-27T21:16:18Z" duration-ms="241" status="PASS">
          <reporter-output>
          </reporter-output>
        </test-method> <!-- tearDown -->
      </class> <!-- com.matthewappium.tests.AddToCartTest -->
    </test> <!-- Add To Cart Test -->
  </suite> <!-- Suite -->
</testng-results>
